<?xml version="1.0" encoding="UTF-8"?>
<testsuite xmlns:xsi="http://www.w3.org/2001/XMLSchema-instance" xsi:noNamespaceSchemaLocation="https://maven.apache.org/surefire/maven-surefire-plugin/xsd/surefire-test-report-3.0.xsd" version="3.0" name="com.hrms.runners.APIRunner" time="7.909" tests="3" errors="0" skipped="0" failures="0">
  <properties>
[...]
</properties>
  <testcase name="Creating employees" classname="Creating employees" time="5.469">
    <system-out><![CDATA[
@CreateEmployees
Scenario Outline: Creating employees                                                                   # src/test/resources/features/createEmployees.feature:16
{
    "token": "eyJ0eXAiOiJKV1QiLCJhbGciOiJIUzI1NiJ9.eyJpYXQiOjE2MDQxNjY4NjAsImlzcyI6ImxvY2FsaG9zdCIsImV4cCI6MTYwNDIxMDA2MCwidXNlcklkIjoiMTI4NiJ9.-enc11f653uMhKrFsvAWqqb2Po-L1qhvAyjqKtW-9I0"
}
  Given a JWT is generated                                                                             # com.hrms.API.Final.steps.GenerateTokenSteps.a_JWT_is_generated()
  Given a request is prepared to create employees                                                      # com.hrms.API.Final.steps.CreateEmployees.a_request_is_prepared_to_create_employees()
  When employee data provided is "Dog", "Dog", "Dog", "F", "2005-09-30", "Employee", "Cloud Architect" # com.hrms.API.Final.steps.CreateEmployees.employee_data_provided_is(java.lang.String,java.lang.String,java.lang.String,java.lang.String,java.lang.String,java.lang.String,java.lang.String)
{
    "Message": "Entry Created",
    "Employee": [
        {
            "employee_id": "30007A",
            "emp_firstname": "Dog",
            "emp_middle_name": "Dog",
            "emp_lastname": "Dog",
            "emp_birthday": "2005-09-30",
            "emp_gender": "Female",
            "emp_job_title": "Cloud Architect",
            "emp_status": "Employee"
        }
    ]
}
  Then employees are created                                                                           # com.hrms.API.Final.steps.CreateEmployees.employees_are_created()
]]></system-out>
    <system-err><![CDATA[Oct 31, 2020 7:54:18 PM io.cucumber.junit.Cucumber <init>
WARNING: By default Cucumber is running in --non-strict mode.
This default will change to --strict and --non-strict will be removed.
You can use --strict or @CucumberOptions(strict = true) to suppress this warning
]]></system-err>
  </testcase>
  <testcase name="Creating employees" classname="Creating employees" time="0.6">
    <system-out><![CDATA[
@CreateEmployees
Scenario Outline: Creating employees                                                                     # src/test/resources/features/createEmployees.feature:17
{
    "token": "eyJ0eXAiOiJKV1QiLCJhbGciOiJIUzI1NiJ9.eyJpYXQiOjE2MDQxNjY4NjIsImlzcyI6ImxvY2FsaG9zdCIsImV4cCI6MTYwNDIxMDA2MiwidXNlcklkIjoiMTI4NiJ9.QiZXOxHU3WUbQn6FVcEeiQaY0pcNv0zC5jCcMi-yDRU"
}
  Given a JWT is generated                                                                               # com.hrms.API.Final.steps.GenerateTokenSteps.a_JWT_is_generated()
  Given a request is prepared to create employees                                                        # com.hrms.API.Final.steps.CreateEmployees.a_request_is_prepared_to_create_employees()
  When employee data provided is "Cat", "Cat", "Cat", "M", "2017-09-17", "Independent contractor", "CEO" # com.hrms.API.Final.steps.CreateEmployees.employee_data_provided_is(java.lang.String,java.lang.String,java.lang.String,java.lang.String,java.lang.String,java.lang.String,java.lang.String)
{
    "Message": "Entry Created",
    "Employee": [
        {
            "employee_id": "30008A",
            "emp_firstname": "Cat",
            "emp_middle_name": "Cat",
            "emp_lastname": "Cat",
            "emp_birthday": "2017-09-17",
            "emp_gender": "Male",
            "emp_job_title": "CEO",
            "emp_status": "Independent contractor"
        }
    ]
}
  Then employees are created                                                                             # com.hrms.API.Final.steps.CreateEmployees.employees_are_created()
]]></system-out>
  </testcase>
  <testcase name="Creating employees" classname="Creating employees" time="0.572">
    <system-out><![CDATA[
@CreateEmployees
Scenario Outline: Creating employees                                                                               # src/test/resources/features/createEmployees.feature:18
{
    "token": "eyJ0eXAiOiJKV1QiLCJhbGciOiJIUzI1NiJ9.eyJpYXQiOjE2MDQxNjY4NjIsImlzcyI6ImxvY2FsaG9zdCIsImV4cCI6MTYwNDIxMDA2MiwidXNlcklkIjoiMTI4NiJ9.QiZXOxHU3WUbQn6FVcEeiQaY0pcNv0zC5jCcMi-yDRU"
}
  Given a JWT is generated                                                                                         # com.hrms.API.Final.steps.GenerateTokenSteps.a_JWT_is_generated()
  Given a request is prepared to create employees                                                                  # com.hrms.API.Final.steps.CreateEmployees.a_request_is_prepared_to_create_employees()
  When employee data provided is "Monkey", "Monkey", "Monkey", "M", "2000-01-10", "Super Contractor", "IT Analyst" # com.hrms.API.Final.steps.CreateEmployees.employee_data_provided_is(java.lang.String,java.lang.String,java.lang.String,java.lang.String,java.lang.String,java.lang.String,java.lang.String)
{
    "Message": "Entry Created",
    "Employee": [
        {
            "employee_id": "30009A",
            "emp_firstname": "Monkey",
            "emp_middle_name": "Monkey",
            "emp_lastname": "Monkey",
            "emp_birthday": "2000-01-10",
            "emp_gender": "Male",
            "emp_job_title": "IT Analyst",
            "emp_status": "Super Contractor"
        }
    ]
}
  Then employees are created                                                                                       # com.hrms.API.Final.steps.CreateEmployees.employees_are_created()
]]></system-out>
  </testcase>
</testsuite>